<?xml version="1.0" encoding="UTF-8"?>
<!-- Generated by org.testng.reporters.JUnitReportReporter -->
<testsuite hostname="Kitty" failures="0" tests="3" name="TestCases.AlertHandling" time="3.607" errors="0" timestamp="2023-12-17T23:18:54 IST" skipped="0">
  <testcase classname="TestCases.AlertHandling" name="confirmAlert" time="2.537"/>
  <testcase classname="TestCases.AlertHandling" name="basicAlert" time="0.530"/>
  <testcase classname="TestCases.AlertHandling" name="inputAlert" time="0.540"/>
</testsuite> <!-- TestCases.AlertHandling -->
