<?xml version="1.0" encoding="UTF-8"?>
<!-- Generated by org.testng.reporters.JUnitReportReporter -->
<testsuite hostname="DESKTOP-KRCHK3K" failures="0" tests="2" name="TestCases.WindowHandlingTest" time="35.568" errors="0" timestamp="2023-06-18T22:19:37 IST" skipped="0">
  <testcase classname="TestCases.WindowHandlingTest" name="windowHandle" time="28.211"/>
  <system-out/>
  <testcase classname="TestCases.WindowHandlingTest" name="searchProduct" time="7.357"/>
  <system-out/>
</testsuite> <!-- TestCases.WindowHandlingTest -->
