<?xml version="1.0" encoding="UTF-8"?>
<!-- Generated by org.testng.reporters.JUnitReportReporter -->
<testsuite hostname="DESKTOP-KRCHK3K" failures="0" tests="3" name="TestCases.AlertHandlingTest" time="0.484" errors="0" timestamp="2023-06-18T22:19:37 IST" skipped="0">
  <testcase classname="TestCases.AlertHandlingTest" name="jsAlertTest" time="0.171"/>
  <system-out/>
  <testcase classname="TestCases.AlertHandlingTest" name="jsConfirmationTest" time="0.138"/>
  <system-out/>
  <testcase classname="TestCases.AlertHandlingTest" name="jsPromptTest" time="0.175"/>
  <system-out/>
</testsuite> <!-- TestCases.AlertHandlingTest -->
