<?xml version="1.0" encoding="UTF-8"?>
<!-- Generated by org.testng.reporters.JUnitReportReporter -->
<testsuite hostname="DESKTOP-KRCHK3K" failures="0" tests="1" name="TestCases.ScrollingPageTest" time="5.312" errors="0" timestamp="2023-06-18T22:19:37 IST" skipped="0">
  <testcase classname="TestCases.ScrollingPageTest" name="scrollByAction" time="5.312"/>
  <system-out/>
</testsuite> <!-- TestCases.ScrollingPageTest -->
